This is pdfTeX, Version 3.1415926-2.5-1.40.14 (TeX Live 2013/Debian) (format=pdflatex 2015.7.16)  17 JUL 2015 11:24
entering extended mode
 restricted \write18 enabled.
 %&-line parsing enabled.
**FingerprintScannerRobot.tex
(./FingerprintScannerRobot.tex
LaTeX2e <2011/06/27>
Babel <3.9h> and hyphenation patterns for 78 languages loaded.
(./sphinxmanual.cls
Document Class: sphinxmanual 2009/06/02 Document class (Sphinx manual)
(/usr/share/texlive/texmf-dist/tex/latex/base/report.cls
Document Class: report 2007/10/19 v1.4h Standard LaTeX document class
(/usr/share/texlive/texmf-dist/tex/latex/base/size10.clo
File: size10.clo 2007/10/19 v1.4h Standard LaTeX file (size option)
)
\c@part=\count79
\c@chapter=\count80
\c@section=\count81
\c@subsection=\count82
\c@subsubsection=\count83
\c@paragraph=\count84
\c@subparagraph=\count85
\c@figure=\count86
\c@table=\count87
\abovecaptionskip=\skip41
\belowcaptionskip=\skip42
\bibindent=\dimen102
))
(/usr/share/texlive/texmf-dist/tex/latex/base/inputenc.sty
Package: inputenc 2008/03/30 v1.1d Input encoding file
\inpenc@prehook=\toks14
\inpenc@posthook=\toks15

(/usr/share/texlive/texmf-dist/tex/latex/base/utf8.def
File: utf8.def 2008/04/05 v1.1m UTF-8 support for inputenc
Now handling font encoding OML ...
... no UTF-8 mapping file for font encoding OML
Now handling font encoding T1 ...
... processing UTF-8 mapping file for font encoding T1

(/usr/share/texlive/texmf-dist/tex/latex/base/t1enc.dfu
File: t1enc.dfu 2008/04/05 v1.1m UTF-8 support for inputenc
   defining Unicode char U+00A1 (decimal 161)
   defining Unicode char U+00A3 (decimal 163)
   defining Unicode char U+00AB (decimal 171)
   defining Unicode char U+00BB (decimal 187)
   defining Unicode char U+00BF (decimal 191)
   defining Unicode char U+00C0 (decimal 192)
   defining Unicode char U+00C1 (decimal 193)
   defining Unicode char U+00C2 (decimal 194)
   defining Unicode char U+00C3 (decimal 195)
   defining Unicode char U+00C4 (decimal 196)
   defining Unicode char U+00C5 (decimal 197)
   defining Unicode char U+00C6 (decimal 198)
   defining Unicode char U+00C7 (decimal 199)
   defining Unicode char U+00C8 (decimal 200)
   defining Unicode char U+00C9 (decimal 201)
   defining Unicode char U+00CA (decimal 202)
   defining Unicode char U+00CB (decimal 203)
   defining Unicode char U+00CC (decimal 204)
   defining Unicode char U+00CD (decimal 205)
   defining Unicode char U+00CE (decimal 206)
   defining Unicode char U+00CF (decimal 207)
   defining Unicode char U+00D0 (decimal 208)
   defining Unicode char U+00D1 (decimal 209)
   defining Unicode char U+00D2 (decimal 210)
   defining Unicode char U+00D3 (decimal 211)
   defining Unicode char U+00D4 (decimal 212)
   defining Unicode char U+00D5 (decimal 213)
   defining Unicode char U+00D6 (decimal 214)
   defining Unicode char U+00D8 (decimal 216)
   defining Unicode char U+00D9 (decimal 217)
   defining Unicode char U+00DA (decimal 218)
   defining Unicode char U+00DB (decimal 219)
   defining Unicode char U+00DC (decimal 220)
   defining Unicode char U+00DD (decimal 221)
   defining Unicode char U+00DE (decimal 222)
   defining Unicode char U+00DF (decimal 223)
   defining Unicode char U+00E0 (decimal 224)
   defining Unicode char U+00E1 (decimal 225)
   defining Unicode char U+00E2 (decimal 226)
   defining Unicode char U+00E3 (decimal 227)
   defining Unicode char U+00E4 (decimal 228)
   defining Unicode char U+00E5 (decimal 229)
   defining Unicode char U+00E6 (decimal 230)
   defining Unicode char U+00E7 (decimal 231)
   defining Unicode char U+00E8 (decimal 232)
   defining Unicode char U+00E9 (decimal 233)
   defining Unicode char U+00EA (decimal 234)
   defining Unicode char U+00EB (decimal 235)
   defining Unicode char U+00EC (decimal 236)
   defining Unicode char U+00ED (decimal 237)
   defining Unicode char U+00EE (decimal 238)
   defining Unicode char U+00EF (decimal 239)
   defining Unicode char U+00F0 (decimal 240)
   defining Unicode char U+00F1 (decimal 241)
   defining Unicode char U+00F2 (decimal 242)
   defining Unicode char U+00F3 (decimal 243)
   defining Unicode char U+00F4 (decimal 244)
   defining Unicode char U+00F5 (decimal 245)
   defining Unicode char U+00F6 (decimal 246)
   defining Unicode char U+00F8 (decimal 248)
   defining Unicode char U+00F9 (decimal 249)
   defining Unicode char U+00FA (decimal 250)
   defining Unicode char U+00FB (decimal 251)
   defining Unicode char U+00FC (decimal 252)
   defining Unicode char U+00FD (decimal 253)
   defining Unicode char U+00FE (decimal 254)
   defining Unicode char U+00FF (decimal 255)
   defining Unicode char U+0102 (decimal 258)
   defining Unicode char U+0103 (decimal 259)
   defining Unicode char U+0104 (decimal 260)
   defining Unicode char U+0105 (decimal 261)
   defining Unicode char U+0106 (decimal 262)
   defining Unicode char U+0107 (decimal 263)
   defining Unicode char U+010C (decimal 268)
   defining Unicode char U+010D (decimal 269)
   defining Unicode char U+010E (decimal 270)
   defining Unicode char U+010F (decimal 271)
   defining Unicode char U+0110 (decimal 272)
   defining Unicode char U+0111 (decimal 273)
   defining Unicode char U+0118 (decimal 280)
   defining Unicode char U+0119 (decimal 281)
   defining Unicode char U+011A (decimal 282)
   defining Unicode char U+011B (decimal 283)
   defining Unicode char U+011E (decimal 286)
   defining Unicode char U+011F (decimal 287)
   defining Unicode char U+0130 (decimal 304)
   defining Unicode char U+0131 (decimal 305)
   defining Unicode char U+0132 (decimal 306)
   defining Unicode char U+0133 (decimal 307)
   defining Unicode char U+0139 (decimal 313)
   defining Unicode char U+013A (decimal 314)
   defining Unicode char U+013D (decimal 317)
   defining Unicode char U+013E (decimal 318)
   defining Unicode char U+0141 (decimal 321)
   defining Unicode char U+0142 (decimal 322)
   defining Unicode char U+0143 (decimal 323)
   defining Unicode char U+0144 (decimal 324)
   defining Unicode char U+0147 (decimal 327)
   defining Unicode char U+0148 (decimal 328)
   defining Unicode char U+014A (decimal 330)
   defining Unicode char U+014B (decimal 331)
   defining Unicode char U+0150 (decimal 336)
   defining Unicode char U+0151 (decimal 337)
   defining Unicode char U+0152 (decimal 338)
   defining Unicode char U+0153 (decimal 339)
   defining Unicode char U+0154 (decimal 340)
   defining Unicode char U+0155 (decimal 341)
   defining Unicode char U+0158 (decimal 344)
   defining Unicode char U+0159 (decimal 345)
   defining Unicode char U+015A (decimal 346)
   defining Unicode char U+015B (decimal 347)
   defining Unicode char U+015E (decimal 350)
   defining Unicode char U+015F (decimal 351)
   defining Unicode char U+0160 (decimal 352)
   defining Unicode char U+0161 (decimal 353)
   defining Unicode char U+0162 (decimal 354)
   defining Unicode char U+0163 (decimal 355)
   defining Unicode char U+0164 (decimal 356)
   defining Unicode char U+0165 (decimal 357)
   defining Unicode char U+016E (decimal 366)
   defining Unicode char U+016F (decimal 367)
   defining Unicode char U+0170 (decimal 368)
   defining Unicode char U+0171 (decimal 369)
   defining Unicode char U+0178 (decimal 376)
   defining Unicode char U+0179 (decimal 377)
   defining Unicode char U+017A (decimal 378)
   defining Unicode char U+017B (decimal 379)
   defining Unicode char U+017C (decimal 380)
   defining Unicode char U+017D (decimal 381)
   defining Unicode char U+017E (decimal 382)
   defining Unicode char U+200C (decimal 8204)
   defining Unicode char U+2013 (decimal 8211)
   defining Unicode char U+2014 (decimal 8212)
   defining Unicode char U+2018 (decimal 8216)
   defining Unicode char U+2019 (decimal 8217)
   defining Unicode char U+201A (decimal 8218)
   defining Unicode char U+201C (decimal 8220)
   defining Unicode char U+201D (decimal 8221)
   defining Unicode char U+201E (decimal 8222)
   defining Unicode char U+2030 (decimal 8240)
   defining Unicode char U+2031 (decimal 8241)
   defining Unicode char U+2039 (decimal 8249)
   defining Unicode char U+203A (decimal 8250)
   defining Unicode char U+2423 (decimal 9251)
)
Now handling font encoding OT1 ...
... processing UTF-8 mapping file for font encoding OT1

(/usr/share/texlive/texmf-dist/tex/latex/base/ot1enc.dfu
File: ot1enc.dfu 2008/04/05 v1.1m UTF-8 support for inputenc
   defining Unicode char U+00A1 (decimal 161)
   defining Unicode char U+00A3 (decimal 163)
   defining Unicode char U+00B8 (decimal 184)
   defining Unicode char U+00BF (decimal 191)
   defining Unicode char U+00C5 (decimal 197)
   defining Unicode char U+00C6 (decimal 198)
   defining Unicode char U+00D8 (decimal 216)
   defining Unicode char U+00DF (decimal 223)
   defining Unicode char U+00E6 (decimal 230)
   defining Unicode char U+00EC (decimal 236)
   defining Unicode char U+00ED (decimal 237)
   defining Unicode char U+00EE (decimal 238)
   defining Unicode char U+00EF (decimal 239)
   defining Unicode char U+00F8 (decimal 248)
   defining Unicode char U+0131 (decimal 305)
   defining Unicode char U+0141 (decimal 321)
   defining Unicode char U+0142 (decimal 322)
   defining Unicode char U+0152 (decimal 338)
   defining Unicode char U+0153 (decimal 339)
   defining Unicode char U+2013 (decimal 8211)
   defining Unicode char U+2014 (decimal 8212)
   defining Unicode char U+2018 (decimal 8216)
   defining Unicode char U+2019 (decimal 8217)
   defining Unicode char U+201C (decimal 8220)
   defining Unicode char U+201D (decimal 8221)
)
Now handling font encoding OMS ...
... processing UTF-8 mapping file for font encoding OMS

(/usr/share/texlive/texmf-dist/tex/latex/base/omsenc.dfu
File: omsenc.dfu 2008/04/05 v1.1m UTF-8 support for inputenc
   defining Unicode char U+00A7 (decimal 167)
   defining Unicode char U+00B6 (decimal 182)
   defining Unicode char U+00B7 (decimal 183)
   defining Unicode char U+2020 (decimal 8224)
   defining Unicode char U+2021 (decimal 8225)
   defining Unicode char U+2022 (decimal 8226)
)
Now handling font encoding OMX ...
... no UTF-8 mapping file for font encoding OMX
Now handling font encoding U ...
... no UTF-8 mapping file for font encoding U
   defining Unicode char U+00A9 (decimal 169)
   defining Unicode char U+00AA (decimal 170)
   defining Unicode char U+00AE (decimal 174)
   defining Unicode char U+00BA (decimal 186)
   defining Unicode char U+02C6 (decimal 710)
   defining Unicode char U+02DC (decimal 732)
   defining Unicode char U+200C (decimal 8204)
   defining Unicode char U+2026 (decimal 8230)
   defining Unicode char U+2122 (decimal 8482)
   defining Unicode char U+2423 (decimal 9251)
))
   defining Unicode char U+00A0 (decimal 160)

(/usr/share/texlive/texmf-dist/tex/latex/cmap/cmap.sty
Package: cmap 2008/03/06 v1.0h CMap support: searchable PDF
)
(/usr/share/texlive/texmf-dist/tex/latex/base/fontenc.sty
Package: fontenc 2005/09/27 v1.99g Standard LaTeX package

(/usr/share/texlive/texmf-dist/tex/latex/base/t1enc.def
File: t1enc.def 2005/09/27 v1.99g Standard LaTeX file
LaTeX Font Info:    Redeclaring font encoding T1 on input line 43.
)<<t1.cmap>>)
(/usr/share/texlive/texmf-dist/tex/generic/babel/babel.sty
Package: babel 2013/12/03 3.9h The Babel package

(/usr/share/texlive/texmf-dist/tex/generic/babel-english/english.ldf
Language: english 2012/08/20 v3.3p English support from the babel system

(/usr/share/texlive/texmf-dist/tex/generic/babel/babel.def
File: babel.def 2013/12/03 3.9h Babel common definitions
\babel@savecnt=\count88
\U@D=\dimen103
)
\l@canadian = a dialect from \language\l@american 
\l@australian = a dialect from \language\l@british 
\l@newzealand = a dialect from \language\l@british 
))
(/usr/share/texlive/texmf-dist/tex/latex/psnfss/times.sty
Package: times 2005/04/12 PSNFSS-v9.2a (SPQR) 
) (./fncychap.sty
Package: fncychap 2007/07/30 v1.34 LaTeX package (Revised chapters)
\RW=\skip43
\mylen=\skip44
\myhi=\skip45
\px=\skip46
\py=\skip47
\pyy=\skip48
\pxx=\skip49
\c@AlphaCnt=\count89
\c@AlphaDecCnt=\count90
)
(/usr/share/texlive/texmf-dist/tex/latex/tools/longtable.sty
Package: longtable 2004/02/01 v4.11 Multi-page Table package (DPC)
\LTleft=\skip50
\LTright=\skip51
\LTpre=\skip52
\LTpost=\skip53
\LTchunksize=\count91
\LTcapwidth=\dimen104
\LT@head=\box26
\LT@firsthead=\box27
\LT@foot=\box28
\LT@lastfoot=\box29
\LT@cols=\count92
\LT@rows=\count93
\c@LT@tables=\count94
\c@LT@chunks=\count95
\LT@p@ftn=\toks16
) (./sphinx.sty
Package: sphinx 2010/01/15 LaTeX package (Sphinx markup)

(/usr/share/texlive/texmf-dist/tex/latex/fancyhdr/fancyhdr.sty
\fancy@headwidth=\skip54
\f@ncyO@elh=\skip55
\f@ncyO@erh=\skip56
\f@ncyO@olh=\skip57
\f@ncyO@orh=\skip58
\f@ncyO@elf=\skip59
\f@ncyO@erf=\skip60
\f@ncyO@olf=\skip61
\f@ncyO@orf=\skip62
)
(/usr/share/texlive/texmf-dist/tex/latex/base/textcomp.sty
Package: textcomp 2005/09/27 v1.99g Standard LaTeX package
Package textcomp Info: Sub-encoding information:
(textcomp)               5 = only ISO-Adobe without \textcurrency
(textcomp)               4 = 5 + \texteuro
(textcomp)               3 = 4 + \textohm
(textcomp)               2 = 3 + \textestimated + \textcurrency
(textcomp)               1 = TS1 - \textcircled - \t
(textcomp)               0 = TS1 (full)
(textcomp)             Font families with sub-encoding setting implement
(textcomp)             only a restricted character set as indicated.
(textcomp)             Family '?' is the default used for unknown fonts.
(textcomp)             See the documentation for details.
Package textcomp Info: Setting ? sub-encoding to TS1/1 on input line 71.

(/usr/share/texlive/texmf-dist/tex/latex/base/ts1enc.def
File: ts1enc.def 2001/06/05 v3.0e (jk/car/fm) Standard LaTeX file
Now handling font encoding TS1 ...
... processing UTF-8 mapping file for font encoding TS1

(/usr/share/texlive/texmf-dist/tex/latex/base/ts1enc.dfu
File: ts1enc.dfu 2008/04/05 v1.1m UTF-8 support for inputenc
   defining Unicode char U+00A2 (decimal 162)
   defining Unicode char U+00A3 (decimal 163)
   defining Unicode char U+00A4 (decimal 164)
   defining Unicode char U+00A5 (decimal 165)
   defining Unicode char U+00A6 (decimal 166)
   defining Unicode char U+00A7 (decimal 167)
   defining Unicode char U+00A8 (decimal 168)
   defining Unicode char U+00A9 (decimal 169)
   defining Unicode char U+00AA (decimal 170)
   defining Unicode char U+00AC (decimal 172)
   defining Unicode char U+00AE (decimal 174)
   defining Unicode char U+00AF (decimal 175)
   defining Unicode char U+00B0 (decimal 176)
   defining Unicode char U+00B1 (decimal 177)
   defining Unicode char U+00B2 (decimal 178)
   defining Unicode char U+00B3 (decimal 179)
   defining Unicode char U+00B4 (decimal 180)
   defining Unicode char U+00B5 (decimal 181)
   defining Unicode char U+00B6 (decimal 182)
   defining Unicode char U+00B7 (decimal 183)
   defining Unicode char U+00B9 (decimal 185)
   defining Unicode char U+00BA (decimal 186)
   defining Unicode char U+00BC (decimal 188)
   defining Unicode char U+00BD (decimal 189)
   defining Unicode char U+00BE (decimal 190)
   defining Unicode char U+00D7 (decimal 215)
   defining Unicode char U+00F7 (decimal 247)
   defining Unicode char U+0192 (decimal 402)
   defining Unicode char U+02C7 (decimal 711)
   defining Unicode char U+02D8 (decimal 728)
   defining Unicode char U+02DD (decimal 733)
   defining Unicode char U+0E3F (decimal 3647)
   defining Unicode char U+2016 (decimal 8214)
   defining Unicode char U+2020 (decimal 8224)
   defining Unicode char U+2021 (decimal 8225)
   defining Unicode char U+2022 (decimal 8226)
   defining Unicode char U+2030 (decimal 8240)
   defining Unicode char U+2031 (decimal 8241)
   defining Unicode char U+203B (decimal 8251)
   defining Unicode char U+203D (decimal 8253)
   defining Unicode char U+2044 (decimal 8260)
   defining Unicode char U+204E (decimal 8270)
   defining Unicode char U+2052 (decimal 8274)
   defining Unicode char U+20A1 (decimal 8353)
   defining Unicode char U+20A4 (decimal 8356)
   defining Unicode char U+20A6 (decimal 8358)
   defining Unicode char U+20A9 (decimal 8361)
   defining Unicode char U+20AB (decimal 8363)
   defining Unicode char U+20AC (decimal 8364)
   defining Unicode char U+20B1 (decimal 8369)
   defining Unicode char U+2103 (decimal 8451)
   defining Unicode char U+2116 (decimal 8470)
   defining Unicode char U+2117 (decimal 8471)
   defining Unicode char U+211E (decimal 8478)
   defining Unicode char U+2120 (decimal 8480)
   defining Unicode char U+2122 (decimal 8482)
   defining Unicode char U+2126 (decimal 8486)
   defining Unicode char U+2127 (decimal 8487)
   defining Unicode char U+212E (decimal 8494)
   defining Unicode char U+2190 (decimal 8592)
   defining Unicode char U+2191 (decimal 8593)
   defining Unicode char U+2192 (decimal 8594)
   defining Unicode char U+2193 (decimal 8595)
   defining Unicode char U+2329 (decimal 9001)
   defining Unicode char U+232A (decimal 9002)
   defining Unicode char U+2422 (decimal 9250)
   defining Unicode char U+25E6 (decimal 9702)
   defining Unicode char U+25EF (decimal 9711)
   defining Unicode char U+266A (decimal 9834)
))
LaTeX Info: Redefining \oldstylenums on input line 266.
Package textcomp Info: Setting cmr sub-encoding to TS1/0 on input line 281.
Package textcomp Info: Setting cmss sub-encoding to TS1/0 on input line 282.
Package textcomp Info: Setting cmtt sub-encoding to TS1/0 on input line 283.
Package textcomp Info: Setting cmvtt sub-encoding to TS1/0 on input line 284.
Package textcomp Info: Setting cmbr sub-encoding to TS1/0 on input line 285.
Package textcomp Info: Setting cmtl sub-encoding to TS1/0 on input line 286.
Package textcomp Info: Setting ccr sub-encoding to TS1/0 on input line 287.
Package textcomp Info: Setting ptm sub-encoding to TS1/4 on input line 288.
Package textcomp Info: Setting pcr sub-encoding to TS1/4 on input line 289.
Package textcomp Info: Setting phv sub-encoding to TS1/4 on input line 290.
Package textcomp Info: Setting ppl sub-encoding to TS1/3 on input line 291.
Package textcomp Info: Setting pag sub-encoding to TS1/4 on input line 292.
Package textcomp Info: Setting pbk sub-encoding to TS1/4 on input line 293.
Package textcomp Info: Setting pnc sub-encoding to TS1/4 on input line 294.
Package textcomp Info: Setting pzc sub-encoding to TS1/4 on input line 295.
Package textcomp Info: Setting bch sub-encoding to TS1/4 on input line 296.
Package textcomp Info: Setting put sub-encoding to TS1/5 on input line 297.
Package textcomp Info: Setting uag sub-encoding to TS1/5 on input line 298.
Package textcomp Info: Setting ugq sub-encoding to TS1/5 on input line 299.
Package textcomp Info: Setting ul8 sub-encoding to TS1/4 on input line 300.
Package textcomp Info: Setting ul9 sub-encoding to TS1/4 on input line 301.
Package textcomp Info: Setting augie sub-encoding to TS1/5 on input line 302.
Package textcomp Info: Setting dayrom sub-encoding to TS1/3 on input line 303.
Package textcomp Info: Setting dayroms sub-encoding to TS1/3 on input line 304.

Package textcomp Info: Setting pxr sub-encoding to TS1/0 on input line 305.
Package textcomp Info: Setting pxss sub-encoding to TS1/0 on input line 306.
Package textcomp Info: Setting pxtt sub-encoding to TS1/0 on input line 307.
Package textcomp Info: Setting txr sub-encoding to TS1/0 on input line 308.
Package textcomp Info: Setting txss sub-encoding to TS1/0 on input line 309.
Package textcomp Info: Setting txtt sub-encoding to TS1/0 on input line 310.
Package textcomp Info: Setting lmr sub-encoding to TS1/0 on input line 311.
Package textcomp Info: Setting lmdh sub-encoding to TS1/0 on input line 312.
Package textcomp Info: Setting lmss sub-encoding to TS1/0 on input line 313.
Package textcomp Info: Setting lmssq sub-encoding to TS1/0 on input line 314.
Package textcomp Info: Setting lmvtt sub-encoding to TS1/0 on input line 315.
Package textcomp Info: Setting qhv sub-encoding to TS1/0 on input line 316.
Package textcomp Info: Setting qag sub-encoding to TS1/0 on input line 317.
Package textcomp Info: Setting qbk sub-encoding to TS1/0 on input line 318.
Package textcomp Info: Setting qcr sub-encoding to TS1/0 on input line 319.
Package textcomp Info: Setting qcs sub-encoding to TS1/0 on input line 320.
Package textcomp Info: Setting qpl sub-encoding to TS1/0 on input line 321.
Package textcomp Info: Setting qtm sub-encoding to TS1/0 on input line 322.
Package textcomp Info: Setting qzc sub-encoding to TS1/0 on input line 323.
Package textcomp Info: Setting qhvc sub-encoding to TS1/0 on input line 324.
Package textcomp Info: Setting futs sub-encoding to TS1/4 on input line 325.
Package textcomp Info: Setting futx sub-encoding to TS1/4 on input line 326.
Package textcomp Info: Setting futj sub-encoding to TS1/4 on input line 327.
Package textcomp Info: Setting hlh sub-encoding to TS1/3 on input line 328.
Package textcomp Info: Setting hls sub-encoding to TS1/3 on input line 329.
Package textcomp Info: Setting hlst sub-encoding to TS1/3 on input line 330.
Package textcomp Info: Setting hlct sub-encoding to TS1/5 on input line 331.
Package textcomp Info: Setting hlx sub-encoding to TS1/5 on input line 332.
Package textcomp Info: Setting hlce sub-encoding to TS1/5 on input line 333.
Package textcomp Info: Setting hlcn sub-encoding to TS1/5 on input line 334.
Package textcomp Info: Setting hlcw sub-encoding to TS1/5 on input line 335.
Package textcomp Info: Setting hlcf sub-encoding to TS1/5 on input line 336.
Package textcomp Info: Setting pplx sub-encoding to TS1/3 on input line 337.
Package textcomp Info: Setting pplj sub-encoding to TS1/3 on input line 338.
Package textcomp Info: Setting ptmx sub-encoding to TS1/4 on input line 339.
Package textcomp Info: Setting ptmj sub-encoding to TS1/4 on input line 340.
)
(/usr/share/texlive/texmf-dist/tex/latex/fancybox/fancybox.sty
Package: fancybox 2010/05/15 1.4

Style option: `fancybox' v1.4 <2010/05/15> (tvz)
\@fancybox=\box30
\shadowsize=\dimen105
\@Sbox=\box31
\do@VerbBox=\toks17
\the@fancyput=\toks18
\this@fancyput=\toks19
\EndVerbatimTokens=\toks20
\Verbatim@Outfile=\write3
\Verbatim@Infile=\read1
) (/usr/share/texlive/texmf-dist/tex/latex/titlesec/titlesec.sty
Package: titlesec 2011/12/15 v2.10.0 Sectioning titles
\ttl@box=\box32
\beforetitleunit=\skip63
\aftertitleunit=\skip64
\ttl@plus=\dimen106
\ttl@minus=\dimen107
\ttl@toksa=\toks21
\titlewidth=\dimen108
\titlewidthlast=\dimen109
\titlewidthfirst=\dimen110
)
(./tabulary.sty
Package: tabulary 2008/12/01 v0.9 tabulary package (DPC)
 (/usr/share/texlive/texmf-dist/tex/latex/tools/array.sty
Package: array 2008/09/09 v2.4c Tabular extension package (FMi)
\col@sep=\dimen111
\extrarowheight=\dimen112
\NC@list=\toks22
\extratabsurround=\skip65
\backup@length=\skip66
)
\TY@count=\count96
\TY@linewidth=\dimen113
\tymin=\dimen114
\tymax=\dimen115
\TY@tablewidth=\dimen116
)
(/usr/share/texlive/texmf-dist/tex/latex/amsmath/amsmath.sty
Package: amsmath 2013/01/14 v2.14 AMS math features
\@mathmargin=\skip67

For additional information on amsmath, use the `?' option.
(/usr/share/texlive/texmf-dist/tex/latex/amsmath/amstext.sty
Package: amstext 2000/06/29 v2.01

(/usr/share/texlive/texmf-dist/tex/latex/amsmath/amsgen.sty
File: amsgen.sty 1999/11/30 v2.0
\@emptytoks=\toks23
\ex@=\dimen117
))
(/usr/share/texlive/texmf-dist/tex/latex/amsmath/amsbsy.sty
Package: amsbsy 1999/11/29 v1.2d
\pmbraise@=\dimen118
)
(/usr/share/texlive/texmf-dist/tex/latex/amsmath/amsopn.sty
Package: amsopn 1999/12/14 v2.01 operator names
)
\inf@bad=\count97
LaTeX Info: Redefining \frac on input line 210.
\uproot@=\count98
\leftroot@=\count99
LaTeX Info: Redefining \overline on input line 306.
\classnum@=\count100
\DOTSCASE@=\count101
LaTeX Info: Redefining \ldots on input line 378.
LaTeX Info: Redefining \dots on input line 381.
LaTeX Info: Redefining \cdots on input line 466.
\Mathstrutbox@=\box33
\strutbox@=\box34
\big@size=\dimen119
LaTeX Font Info:    Redeclaring font encoding OML on input line 566.
LaTeX Font Info:    Redeclaring font encoding OMS on input line 567.
\macc@depth=\count102
\c@MaxMatrixCols=\count103
\dotsspace@=\muskip10
\c@parentequation=\count104
\dspbrk@lvl=\count105
\tag@help=\toks24
\row@=\count106
\column@=\count107
\maxfields@=\count108
\andhelp@=\toks25
\eqnshift@=\dimen120
\alignsep@=\dimen121
\tagshift@=\dimen122
\tagwidth@=\dimen123
\totwidth@=\dimen124
\lineht@=\dimen125
\@envbody=\toks26
\multlinegap=\skip68
\multlinetaggap=\skip69
\mathdisplay@stack=\toks27
LaTeX Info: Redefining \[ on input line 2665.
LaTeX Info: Redefining \] on input line 2666.
)
(/usr/share/texlive/texmf-dist/tex/latex/base/makeidx.sty
Package: makeidx 2000/03/29 v1.0m Standard LaTeX package
)
(/usr/share/texlive/texmf-dist/tex/latex/framed/framed.sty
Package: framed 2011/10/22 v 0.96: framed or shaded text with page breaks
\OuterFrameSep=\skip70
\fb@frw=\dimen126
\fb@frh=\dimen127
\FrameRule=\dimen128
\FrameSep=\dimen129
)
(/usr/share/texlive/texmf-dist/tex/latex/base/ifthen.sty
Package: ifthen 2001/05/26 v1.1c Standard LaTeX ifthen package (DPC)
)
(/usr/share/texlive/texmf-dist/tex/latex/graphics/color.sty
Package: color 2005/11/14 v1.0j Standard LaTeX Color (DPC)

(/usr/share/texlive/texmf-dist/tex/latex/latexconfig/color.cfg
File: color.cfg 2007/01/18 v1.5 color configuration of teTeX/TeXLive
)
Package color Info: Driver file: pdftex.def on input line 130.

(/usr/share/texlive/texmf-dist/tex/latex/pdftex-def/pdftex.def
File: pdftex.def 2011/05/27 v0.06d Graphics/color for pdfTeX

(/usr/share/texlive/texmf-dist/tex/generic/oberdiek/infwarerr.sty
Package: infwarerr 2010/04/08 v1.3 Providing info/warning/error messages (HO)
)
(/usr/share/texlive/texmf-dist/tex/generic/oberdiek/ltxcmds.sty
Package: ltxcmds 2011/11/09 v1.22 LaTeX kernel commands for general use (HO)
)
\Gread@gobject=\count109
))
(/usr/share/texlive/texmf-dist/tex/latex/fancyvrb/fancyvrb.sty
Package: fancyvrb 2008/02/07

Style option: `fancyvrb' v2.7a, with DG/SPQR fixes, and firstline=lastline fix 
<2008/02/07> (tvz) (/usr/share/texlive/texmf-dist/tex/latex/graphics/keyval.sty
Package: keyval 1999/03/16 v1.13 key=value parser (DPC)
\KV@toks@=\toks28
)
\FV@CodeLineNo=\count110
\FV@InFile=\read2
\FV@TabBox=\box35
\c@FancyVerbLine=\count111
\FV@StepNumber=\count112
\FV@OutFile=\write4
) (/usr/share/texlive/texmf-dist/tex/latex/threeparttable/threeparttable.sty
Package: threeparttable 2003/06/13  v 3.0
\@tempboxb=\box36
)
(/usr/share/texlive/texmf-dist/tex/latex/mdwtools/footnote.sty
Package: footnote 1997/01/28 1.13 Save footnotes around boxes
\fn@notes=\box37
\fn@width=\dimen130
)
(/usr/share/texlive/texmf-dist/tex/latex/wrapfig/wrapfig.sty
\wrapoverhang=\dimen131
\WF@size=\dimen132
\c@WF@wrappedlines=\count113
\WF@box=\box38
\WF@everypar=\toks29
Package: wrapfig 2003/01/31  v 3.6
)
(/usr/share/texlive/texmf-dist/tex/latex/parskip/parskip.sty
Package: parskip 2001/04/09 non-zero parskip adjustments
)
(/usr/share/texlive/texmf-dist/tex/latex/base/alltt.sty
Package: alltt 1997/06/16 v2.0g defines alltt environment
)
(/usr/share/texlive/texmf-dist/tex/latex/upquote/upquote.sty
Package: upquote 2012/04/19 v1.3 upright-quote and grave-accent glyphs in verba
tim
)
(/usr/share/texlive/texmf-dist/tex/latex/graphics/graphicx.sty
Package: graphicx 1999/02/16 v1.0f Enhanced LaTeX Graphics (DPC,SPQR)

(/usr/share/texlive/texmf-dist/tex/latex/graphics/graphics.sty
Package: graphics 2009/02/05 v1.0o Standard LaTeX Graphics (DPC,SPQR)

(/usr/share/texlive/texmf-dist/tex/latex/graphics/trig.sty
Package: trig 1999/03/16 v1.09 sin cos tan (DPC)
)
(/usr/share/texlive/texmf-dist/tex/latex/latexconfig/graphics.cfg
File: graphics.cfg 2010/04/23 v1.9 graphics configuration of TeX Live
)
Package graphics Info: Driver file: pdftex.def on input line 91.
)
\Gin@req@height=\dimen133
\Gin@req@width=\dimen134
)
(/usr/share/texlive/texmf-dist/tex/plain/misc/pdfcolor.tex)
\distancetoright=\skip71
\py@argswidth=\skip72
\py@noticelength=\skip73
\lineblockindentation=\skip74
\image@box=\box39
\image@width=\dimen135

(/usr/share/texlive/texmf-dist/tex/latex/hyperref/hyperref.sty
Package: hyperref 2012/11/06 v6.83m Hypertext links for LaTeX

(/usr/share/texlive/texmf-dist/tex/generic/oberdiek/hobsub-hyperref.sty
Package: hobsub-hyperref 2012/05/28 v1.13 Bundle oberdiek, subset hyperref (HO)


(/usr/share/texlive/texmf-dist/tex/generic/oberdiek/hobsub-generic.sty
Package: hobsub-generic 2012/05/28 v1.13 Bundle oberdiek, subset generic (HO)
Package: hobsub 2012/05/28 v1.13 Construct package bundles (HO)
Package hobsub Info: Skipping package `infwarerr' (already loaded).
Package hobsub Info: Skipping package `ltxcmds' (already loaded).
Package: ifluatex 2010/03/01 v1.3 Provides the ifluatex switch (HO)
Package ifluatex Info: LuaTeX not detected.
Package: ifvtex 2010/03/01 v1.5 Detect VTeX and its facilities (HO)
Package ifvtex Info: VTeX not detected.
Package: intcalc 2007/09/27 v1.1 Expandable calculations with integers (HO)
Package: ifpdf 2011/01/30 v2.3 Provides the ifpdf switch (HO)
Package ifpdf Info: pdfTeX in PDF mode is detected.
Package: etexcmds 2011/02/16 v1.5 Avoid name clashes with e-TeX commands (HO)
Package etexcmds Info: Could not find \expanded.
(etexcmds)             That can mean that you are not using pdfTeX 1.50 or
(etexcmds)             that some package has redefined \expanded.
(etexcmds)             In the latter case, load this package earlier.
Package: kvsetkeys 2012/04/25 v1.16 Key value parser (HO)
Package: kvdefinekeys 2011/04/07 v1.3 Define keys (HO)
Package: pdftexcmds 2011/11/29 v0.20 Utility functions of pdfTeX for LuaTeX (HO
)
Package pdftexcmds Info: LuaTeX not detected.
Package pdftexcmds Info: \pdf@primitive is available.
Package pdftexcmds Info: \pdf@ifprimitive is available.
Package pdftexcmds Info: \pdfdraftmode found.
Package: pdfescape 2011/11/25 v1.13 Implements pdfTeX's escape features (HO)
Package: bigintcalc 2012/04/08 v1.3 Expandable calculations on big integers (HO
)
Package: bitset 2011/01/30 v1.1 Handle bit-vector datatype (HO)
Package: uniquecounter 2011/01/30 v1.2 Provide unlimited unique counter (HO)
)
Package hobsub Info: Skipping package `hobsub' (already loaded).
Package: letltxmacro 2010/09/02 v1.4 Let assignment for LaTeX macros (HO)
Package: hopatch 2012/05/28 v1.2 Wrapper for package hooks (HO)
Package: xcolor-patch 2011/01/30 xcolor patch
Package: atveryend 2011/06/30 v1.8 Hooks at the very end of document (HO)
Package atveryend Info: \enddocument detected (standard20110627).
Package: atbegshi 2011/10/05 v1.16 At begin shipout hook (HO)
Package: refcount 2011/10/16 v3.4 Data extraction from label references (HO)
Package: hycolor 2011/01/30 v1.7 Color options for hyperref/bookmark (HO)
)
(/usr/share/texlive/texmf-dist/tex/generic/ifxetex/ifxetex.sty
Package: ifxetex 2010/09/12 v0.6 Provides ifxetex conditional
)
(/usr/share/texlive/texmf-dist/tex/latex/oberdiek/auxhook.sty
Package: auxhook 2011/03/04 v1.3 Hooks for auxiliary files (HO)
)
(/usr/share/texlive/texmf-dist/tex/latex/oberdiek/kvoptions.sty
Package: kvoptions 2011/06/30 v3.11 Key value format for package options (HO)
)
\@linkdim=\dimen136
\Hy@linkcounter=\count114
\Hy@pagecounter=\count115

(/usr/share/texlive/texmf-dist/tex/latex/hyperref/pd1enc.def
File: pd1enc.def 2012/11/06 v6.83m Hyperref: PDFDocEncoding definition (HO)
Now handling font encoding PD1 ...
... no UTF-8 mapping file for font encoding PD1
)
\Hy@SavedSpaceFactor=\count116

(/usr/share/texlive/texmf-dist/tex/latex/latexconfig/hyperref.cfg
File: hyperref.cfg 2002/06/06 v1.2 hyperref configuration of TeXLive
)
Package hyperref Info: Option `colorlinks' set `true' on input line 4319.
Package hyperref Info: Option `breaklinks' set `true' on input line 4319.
Package hyperref Info: Hyper figures OFF on input line 4443.
Package hyperref Info: Link nesting OFF on input line 4448.
Package hyperref Info: Hyper index ON on input line 4451.
Package hyperref Info: Plain pages OFF on input line 4458.
Package hyperref Info: Backreferencing OFF on input line 4463.
Package hyperref Info: Implicit mode ON; LaTeX internals redefined.
Package hyperref Info: Bookmarks ON on input line 4688.
\c@Hy@tempcnt=\count117

(/usr/share/texlive/texmf-dist/tex/latex/url/url.sty
\Urlmuskip=\muskip11
Package: url 2013/09/16  ver 3.4  Verb mode for urls, etc.
)
LaTeX Info: Redefining \url on input line 5041.
\XeTeXLinkMargin=\dimen137
\Fld@menulength=\count118
\Field@Width=\dimen138
\Fld@charsize=\dimen139
Package hyperref Info: Hyper figures OFF on input line 6295.
Package hyperref Info: Link nesting OFF on input line 6300.
Package hyperref Info: Hyper index ON on input line 6303.
Package hyperref Info: backreferencing OFF on input line 6310.
Package hyperref Info: Link coloring ON on input line 6313.
Package hyperref Info: Link coloring with OCG OFF on input line 6320.
Package hyperref Info: PDF/A mode OFF on input line 6325.
LaTeX Info: Redefining \ref on input line 6365.
LaTeX Info: Redefining \pageref on input line 6369.
\Hy@abspage=\count119
\c@Item=\count120
\c@Hfootnote=\count121
)

Package hyperref Message: Driver (autodetected): hpdftex.

(/usr/share/texlive/texmf-dist/tex/latex/hyperref/hpdftex.def
File: hpdftex.def 2012/11/06 v6.83m Hyperref driver for pdfTeX
\Fld@listcount=\count122
\c@bookmark@seq@number=\count123

(/usr/share/texlive/texmf-dist/tex/latex/oberdiek/rerunfilecheck.sty
Package: rerunfilecheck 2011/04/15 v1.7 Rerun checks for auxiliary files (HO)
Package uniquecounter Info: New unique counter `rerunfilecheck' on input line 2
82.
)
\Hy@SectionHShift=\skip75
)
(/usr/share/texlive/texmf-dist/tex/latex/oberdiek/hypcap.sty
Package: hypcap 2011/02/16 v1.11 Adjusting the anchors of captions (HO)
)
\DUlineblockindent=\skip76

(/usr/share/texlive/texmf-dist/tex/latex/float/float.sty
Package: float 2001/11/08 v1.3d Float enhancements (AL)
\c@float@type=\count124
\float@exts=\toks30
\float@box=\box40
\@float@everytoks=\toks31
\@floatcapt=\box41
)
\@float@every@literal-block=\toks32
\c@literal-block=\count125
)
(/usr/share/texlive/texmf-dist/tex/latex/multirow/multirow.sty
\bigstrutjot=\dimen140
)
\@indexfile=\write5
\openout5 = `FingerprintScannerRobot.idx'.


Writing index file FingerprintScannerRobot.idx
(./FingerprintScannerRobot.aux)
\openout1 = `FingerprintScannerRobot.aux'.

LaTeX Font Info:    Checking defaults for OML/cmm/m/it on input line 125.
LaTeX Font Info:    ... okay on input line 125.
LaTeX Font Info:    Checking defaults for T1/cmr/m/n on input line 125.
LaTeX Font Info:    ... okay on input line 125.
LaTeX Font Info:    Checking defaults for OT1/cmr/m/n on input line 125.
LaTeX Font Info:    ... okay on input line 125.
LaTeX Font Info:    Checking defaults for OMS/cmsy/m/n on input line 125.
LaTeX Font Info:    ... okay on input line 125.
LaTeX Font Info:    Checking defaults for OMX/cmex/m/n on input line 125.
LaTeX Font Info:    ... okay on input line 125.
LaTeX Font Info:    Checking defaults for U/cmr/m/n on input line 125.
LaTeX Font Info:    ... okay on input line 125.
LaTeX Font Info:    Checking defaults for TS1/cmr/m/n on input line 125.
LaTeX Font Info:    Try loading font information for TS1+cmr on input line 125.


(/usr/share/texlive/texmf-dist/tex/latex/base/ts1cmr.fd
File: ts1cmr.fd 1999/05/25 v2.5h Standard LaTeX font definitions
)
LaTeX Font Info:    ... okay on input line 125.
LaTeX Font Info:    Checking defaults for PD1/pdf/m/n on input line 125.
LaTeX Font Info:    ... okay on input line 125.
LaTeX Font Info:    Try loading font information for T1+ptm on input line 125.

(/usr/share/texlive/texmf-dist/tex/latex/psnfss/t1ptm.fd
File: t1ptm.fd 2001/06/04 font definitions for T1/ptm.
)
(/usr/share/texlive/texmf-dist/tex/context/base/supp-pdf.mkii
[Loading MPS to PDF converter (version 2006.09.02).]
\scratchcounter=\count126
\scratchdimen=\dimen141
\scratchbox=\box42
\nofMPsegments=\count127
\nofMParguments=\count128
\everyMPshowfont=\toks33
\MPscratchCnt=\count129
\MPscratchDim=\dimen142
\MPnumerator=\count130
\makeMPintoPDFobject=\count131
\everyMPtoPDFconversion=\toks34
) (/usr/share/texlive/texmf-dist/tex/latex/oberdiek/epstopdf-base.sty
Package: epstopdf-base 2010/02/09 v2.5 Base part for package epstopdf

(/usr/share/texlive/texmf-dist/tex/latex/oberdiek/grfext.sty
Package: grfext 2010/08/19 v1.1 Manage graphics extensions (HO)
)
Package grfext Info: Graphics extension search list:
(grfext)             [.png,.pdf,.jpg,.mps,.jpeg,.jbig2,.jb2,.PNG,.PDF,.JPG,.JPE
G,.JBIG2,.JB2,.eps]
(grfext)             \AppendGraphicsExtensions on input line 452.

(/usr/share/texlive/texmf-dist/tex/latex/latexconfig/epstopdf-sys.cfg
File: epstopdf-sys.cfg 2010/07/13 v1.3 Configuration of (r)epstopdf for TeX Liv
e
))
\AtBeginShipoutBox=\box43
Package hyperref Info: Link coloring ON on input line 125.

(/usr/share/texlive/texmf-dist/tex/latex/hyperref/nameref.sty
Package: nameref 2012/10/27 v2.43 Cross-referencing by name of section

(/usr/share/texlive/texmf-dist/tex/generic/oberdiek/gettitlestring.sty
Package: gettitlestring 2010/12/03 v1.4 Cleanup title references (HO)
)
\c@section@level=\count132
)
LaTeX Info: Redefining \ref on input line 125.
LaTeX Info: Redefining \pageref on input line 125.
LaTeX Info: Redefining \nameref on input line 125.

(./FingerprintScannerRobot.out) (./FingerprintScannerRobot.out)
\@outlinefile=\write6
\openout6 = `FingerprintScannerRobot.out'.


Underfull \hbox (badness 10000) in paragraph at lines 128--128

 []

LaTeX Font Info:    Try loading font information for T1+phv on input line 128.
(/usr/share/texlive/texmf-dist/tex/latex/psnfss/t1phv.fd
File: t1phv.fd 2001/06/04 scalable font definitions for T1/phv.
)
LaTeX Font Info:    Font shape `T1/phv/bx/n' in size <24.88> not available
(Font)              Font shape `T1/phv/b/n' tried instead on input line 128.
LaTeX Font Info:    Font shape `T1/phv/m/it' in size <17.28> not available
(Font)              Font shape `T1/phv/m/sl' tried instead on input line 128.
LaTeX Font Info:    Font shape `T1/phv/bx/it' in size <17.28> not available
(Font)              Font shape `T1/phv/b/it' tried instead on input line 128.
LaTeX Font Info:    Font shape `T1/phv/b/it' in size <17.28> not available
(Font)              Font shape `T1/phv/b/sl' tried instead on input line 128.
LaTeX Font Info:    Font shape `T1/phv/bx/n' in size <17.28> not available
(Font)              Font shape `T1/phv/b/n' tried instead on input line 128.
<<ot1.cmap>><<oml.cmap>><<oms.cmap>><<omx.cmap>> [1

{/var/lib/texmf/fonts/map/pdftex/updmap/pdftex.map}] [2

] (./FingerprintScannerRobot.toc
LaTeX Font Info:    Font shape `T1/ptm/bx/n' in size <10> not available
(Font)              Font shape `T1/ptm/b/n' tried instead on input line 2.
LaTeX Font Info:    Try loading font information for T1+pcr on input line 53.

(/usr/share/texlive/texmf-dist/tex/latex/psnfss/t1pcr.fd
File: t1pcr.fd 2001/06/04 font definitions for T1/pcr.
))
\tf@toc=\write7
\openout7 = `FingerprintScannerRobot.toc'.


Adding blank page after the table of contents.
LaTeX Font Info:    Font shape `T1/phv/bx/n' in size <10> not available
(Font)              Font shape `T1/phv/b/n' tried instead on input line 128.
[1

] [2]
Chapter 1.
LaTeX Font Info:    Font shape `T1/phv/bx/n' in size <14.4> not available
(Font)              Font shape `T1/phv/b/n' tried instead on input line 133.
LaTeX Font Info:    Font shape `T1/ptm/bx/n' in size <14.4> not available
(Font)              Font shape `T1/ptm/b/n' tried instead on input line 133.
LaTeX Font Info:    Font shape `T1/ptm/bx/n' in size <24.88> not available
(Font)              Font shape `T1/ptm/b/n' tried instead on input line 133.
[1


] [2

]
Chapter 2.
LaTeX Font Info:    Font shape `T1/phv/bx/n' in size <12> not available
(Font)              Font shape `T1/phv/b/n' tried instead on input line 154.
<OverviewDiagram.pdf, id=128, 543.8103pt x 383.77794pt>
File: OverviewDiagram.pdf Graphic file (type pdf)

<use OverviewDiagram.pdf>
Package pdftex.def Info: OverviewDiagram.pdf used on input line 158.
(pdftex.def)             Requested size: 543.80898pt x 383.777pt.
File: OverviewDiagram.pdf Graphic file (type pdf)
 <use OverviewDiagram.pdf>
Package pdftex.def Info: OverviewDiagram.pdf used on input line 158.
(pdftex.def)             Requested size: 469.755pt x 331.53pt.

<FingerprintAssembly.pdf, id=129, 802.15689pt x 432.61626pt>
File: FingerprintAssembly.pdf Graphic file (type pdf)

<use FingerprintAssembly.pdf>
Package pdftex.def Info: FingerprintAssembly.pdf used on input line 165.
(pdftex.def)             Requested size: 802.15494pt x 432.6152pt.
File: FingerprintAssembly.pdf Graphic file (type pdf)
 <use FingerprintAssembly.pdf>
Package pdftex.def Info: FingerprintAssembly.pdf used on input line 165.
(pdftex.def)             Requested size: 469.755pt x 253.35344pt.
 [3 <./OverviewDiagram.pdf>] <ElectronicsHousingFront.pdf, id=6388, 681.23087pt
 x 411.41702pt>
File: ElectronicsHousingFront.pdf Graphic file (type pdf)

<use ElectronicsHousingFront.pdf>
Package pdftex.def Info: ElectronicsHousingFront.pdf used on input line 174.
(pdftex.def)             Requested size: 681.2292pt x 411.416pt.
File: ElectronicsHousingFront.pdf Graphic file (type pdf)
 <use ElectronicsHousingFront.pdf>
Package pdftex.def Info: ElectronicsHousingFront.pdf used on input line 174.
(pdftex.def)             Requested size: 469.755pt x 283.70226pt.
 [4 <./FingerprintAssembly.pdf> <./ElectronicsHousingFront.pdf

pdfTeX warning: pdflatex (file ./ElectronicsHousingFront.pdf): PDF inclusion: m
ultiple pdfs with page group included in a single page
>] <ElectronicsHousingBack.pdf, id=10718, 774.01746pt x 431.29129pt>
File: ElectronicsHousingBack.pdf Graphic file (type pdf)

<use ElectronicsHousingBack.pdf>
Package pdftex.def Info: ElectronicsHousingBack.pdf used on input line 178.
(pdftex.def)             Requested size: 774.01556pt x 431.29022pt.
File: ElectronicsHousingBack.pdf Graphic file (type pdf)
 <use ElectronicsHousingBack.pdf>
Package pdftex.def Info: ElectronicsHousingBack.pdf used on input line 178.
(pdftex.def)             Requested size: 469.755pt x 261.75793pt.
 [5 <./ElectronicsHousingBack.pdf>] [6pdfTeX warning (ext4): destination with t
he same identifier (name{table.2.1}) has been already used, duplicate ignored

\AtBegShi@Output ...ipout \box \AtBeginShipoutBox 
                                                  \fi \fi 
l.540 ...ubsection{Screws and Miscellaneous Parts}
                                                  ]
<screws.jpg, id=12074, 2869.72125pt x 797.98125pt>
File: screws.jpg Graphic file (type jpg)
 <use screws.jpg>
Package pdftex.def Info: screws.jpg used on input line 598.
(pdftex.def)             Requested size: 2869.7143pt x 797.9793pt.
File: screws.jpg Graphic file (type jpg)

<use screws.jpg>
Package pdftex.def Info: screws.jpg used on input line 598.
(pdftex.def)             Requested size: 469.755pt x 130.61406pt.
 [7pdfTeX warning (ext4): destination with the same identifier (name{table.2.2}
) has been already used, duplicate ignored

\AtBegShi@Output ...ipout \box \AtBeginShipoutBox 
                                                  \fi \fi 
l.600 F
       rom now on, I will refer to the screws by their color.pdfTeX warning (ex
t4): destination with the same identifier (name{table.2.3}) has been already us
ed, duplicate ignored

\AtBegShi@Output ...ipout \box \AtBeginShipoutBox 
                                                  \fi \fi 
l.600 F
       rom now on, I will refer to the screws by their color.]
<LegAssembly.pdf, id=12083, 439.24101pt x 388.8929pt>
File: LegAssembly.pdf Graphic file (type pdf)
 <use LegAssembly.pdf>
Package pdftex.def Info: LegAssembly.pdf used on input line 610.
(pdftex.def)             Requested size: 439.23993pt x 388.89195pt.
File: LegAssembly.pdf Graphic file (type pdf)

<use LegAssembly.pdf>
Package pdftex.def Info: LegAssembly.pdf used on input line 610.
(pdftex.def)             Requested size: 439.23993pt x 388.89195pt.
 [8 <./screws.jpg>]
LaTeX Font Info:    Font shape `T1/phv/bx/n' in size <9> not available
(Font)              Font shape `T1/phv/b/n' tried instead on input line 618.

<MotorEndActuatorMount.pdf, id=12091, 768.0694pt x 378.3577pt>
File: MotorEndActuatorMount.pdf Graphic file (type pdf)

<use MotorEndActuatorMount.pdf>
Package pdftex.def Info: MotorEndActuatorMount.pdf used on input line 622.
(pdftex.def)             Requested size: 768.06752pt x 378.35677pt.
File: MotorEndActuatorMount.pdf Graphic file (type pdf)
 <use MotorEndActuatorMount.pdf>
Package pdftex.def Info: MotorEndActuatorMount.pdf used on input line 622.
(pdftex.def)             Requested size: 469.755pt x 231.40404pt.
 [9 <./LegAssembly.pdf>] <FingerEndActuatorMount.pdf, id=20270, 700.62123pt x 3
07.17172pt>
File: FingerEndActuatorMount.pdf Graphic file (type pdf)

<use FingerEndActuatorMount.pdf>
Package pdftex.def Info: FingerEndActuatorMount.pdf used on input line 629.
(pdftex.def)             Requested size: 700.6195pt x 307.17096pt.
File: FingerEndActuatorMount.pdf Graphic file (type pdf)
 <use FingerEndActuatorMount.pdf>
Package pdftex.def Info: FingerEndActuatorMount.pdf used on input line 629.
(pdftex.def)             Requested size: 469.755pt x 205.95865pt.

<FingerEndActuatorMountBottom.pdf, id=20271, 703.01904pt x 578.4812pt>
File: FingerEndActuatorMountBottom.pdf Graphic file (type pdf)

<use FingerEndActuatorMountBottom.pdf>
Package pdftex.def Info: FingerEndActuatorMountBottom.pdf used on input line 63
3.
(pdftex.def)             Requested size: 703.01733pt x 578.4798pt.
File: FingerEndActuatorMountBottom.pdf Graphic file (type pdf)
 <use FingerEndActuatorMountBottom.pdf>
Package pdftex.def Info: FingerEndActuatorMountBottom.pdf used on input line 63
3.
(pdftex.def)             Requested size: 469.755pt x 386.54765pt.

[10 <./MotorEndActuatorMount.pdf> <./FingerEndActuatorMount.pdf

pdfTeX warning: pdflatex (file ./FingerEndActuatorMount.pdf): PDF inclusion: mu
ltiple pdfs with page group included in a single page
>] <ButtonInstallation.pdf, id=21633, 744.09996pt x 455.9903pt>
File: ButtonInstallation.pdf Graphic file (type pdf)

<use ButtonInstallation.pdf>
Package pdftex.def Info: ButtonInstallation.pdf used on input line 637.
(pdftex.def)             Requested size: 744.09814pt x 455.98918pt.
File: ButtonInstallation.pdf Graphic file (type pdf)
 <use ButtonInstallation.pdf>
Package pdftex.def Info: ButtonInstallation.pdf used on input line 637.
(pdftex.def)             Requested size: 469.755pt x 287.86682pt.
 [11 <./FingerEndActuatorMountBottom.pdf>]
<FingerprintMountInstallation.pdf, id=22833, 758.91109pt x 374.43887pt>
File: FingerprintMountInstallation.pdf Graphic file (type pdf)

<use FingerprintMountInstallation.pdf>
Package pdftex.def Info: FingerprintMountInstallation.pdf used on input line 64
1.
(pdftex.def)             Requested size: 758.90923pt x 374.43796pt.
File: FingerprintMountInstallation.pdf Graphic file (type pdf)
 <use FingerprintMountInstallation.pdf>
Package pdftex.def Info: FingerprintMountInstallation.pdf used on input line 64
1.
(pdftex.def)             Requested size: 469.755pt x 231.77261pt.

<LegAttachment.pdf, id=22834, 777.50577pt x 414.78964pt>
File: LegAttachment.pdf Graphic file (type pdf)

<use LegAttachment.pdf>
Package pdftex.def Info: LegAttachment.pdf used on input line 648.
(pdftex.def)             Requested size: 777.50388pt x 414.78862pt.
File: LegAttachment.pdf Graphic file (type pdf)
 <use LegAttachment.pdf>
Package pdftex.def Info: LegAttachment.pdf used on input line 648.
(pdftex.def)             Requested size: 469.755pt x 250.60356pt.
 [12 <./ButtonInstallation.pdf> <./FingerprintMountInstallation.pdf

pdfTeX warning: pdflatex (file ./FingerprintMountInstallation.pdf): PDF inclusi
on: multiple pdfs with page group included in a single page
>] <FingerprintAssemblyConstruction.pdf, id=24561, 699.2975pt x 402.50375pt>
File: FingerprintAssemblyConstruction.pdf Graphic file (type pdf)

<use FingerprintAssemblyConstruction.pdf>
Package pdftex.def Info: FingerprintAssemblyConstruction.pdf used on input line
 660.
(pdftex.def)             Requested size: 699.29579pt x 402.50276pt.
File: FingerprintAssemblyConstruction.pdf Graphic file (type pdf)

<use FingerprintAssemblyConstruction.pdf>
Package pdftex.def Info: FingerprintAssemblyConstruction.pdf used on input line
 660.
(pdftex.def)             Requested size: 469.755pt x 270.38855pt.
 [13 <./LegAttachment.pdf>]
<FingerprintAssemblyInstallation.pdf, id=33491, 740.48648pt x 299.63943pt>
File: FingerprintAssemblyInstallation.pdf Graphic file (type pdf)

<use FingerprintAssemblyInstallation.pdf>
Package pdftex.def Info: FingerprintAssemblyInstallation.pdf used on input line
 664.
(pdftex.def)             Requested size: 740.48466pt x 299.6387pt.
File: FingerprintAssemblyInstallation.pdf Graphic file (type pdf)

<use FingerprintAssemblyInstallation.pdf>
Package pdftex.def Info: FingerprintAssemblyInstallation.pdf used on input line
 664.
(pdftex.def)             Requested size: 469.755pt x 190.0906pt.

<ArduinoInstallation.pdf, id=33492, 643.62614pt x 404.55138pt>
File: ArduinoInstallation.pdf Graphic file (type pdf)

<use ArduinoInstallation.pdf>
Package pdftex.def Info: ArduinoInstallation.pdf used on input line 673.
(pdftex.def)             Requested size: 643.62457pt x 404.55037pt.
File: ArduinoInstallation.pdf Graphic file (type pdf)
 <use ArduinoInstallation.pdf>
Package pdftex.def Info: ArduinoInstallation.pdf used on input line 673.
(pdftex.def)             Requested size: 469.755pt x 295.27682pt.
 [14 <./FingerprintAssemblyConstruction.pdf> <./FingerprintAssemblyInstallation
.pdf

pdfTeX warning: pdflatex (file ./FingerprintAssemblyInstallation.pdf): PDF incl
usion: multiple pdfs with page group included in a single page
>]
<ElectronicsBoxFrontTabInstallation.pdf, id=34734, 627.14299pt x 575.11237pt>
File: ElectronicsBoxFrontTabInstallation.pdf Graphic file (type pdf)

<use ElectronicsBoxFrontTabInstallation.pdf>
Package pdftex.def Info: ElectronicsBoxFrontTabInstallation.pdf used on input l
ine 677.
(pdftex.def)             Requested size: 627.14145pt x 575.11096pt.
File: ElectronicsBoxFrontTabInstallation.pdf Graphic file (type pdf)

<use ElectronicsBoxFrontTabInstallation.pdf>
Package pdftex.def Info: ElectronicsBoxFrontTabInstallation.pdf used on input l
ine 677.
(pdftex.def)             Requested size: 469.755pt x 430.78914pt.
 [15 <./ArduinoInstallation.pdf>]
<TopLidButtonInstallation.pdf, id=35989, 694.95633pt x 432.61626pt>
File: TopLidButtonInstallation.pdf Graphic file (type pdf)

<use TopLidButtonInstallation.pdf>
Package pdftex.def Info: TopLidButtonInstallation.pdf used on input line 681.
(pdftex.def)             Requested size: 694.95462pt x 432.6152pt.
File: TopLidButtonInstallation.pdf Graphic file (type pdf)
 <use TopLidButtonInstallation.pdf>
Package pdftex.def Info: TopLidButtonInstallation.pdf used on input line 681.
(pdftex.def)             Requested size: 469.755pt x 292.43245pt.
 [16 <./ElectronicsBoxFrontTabInstallation.pdf>]
<PowerJackInstallation.pdf, id=36117, 580.02715pt x 412.20184pt>
File: PowerJackInstallation.pdf Graphic file (type pdf)

<use PowerJackInstallation.pdf>
Package pdftex.def Info: PowerJackInstallation.pdf used on input line 685.
(pdftex.def)             Requested size: 580.02573pt x 412.20084pt.
File: PowerJackInstallation.pdf Graphic file (type pdf)
 <use PowerJackInstallation.pdf>
Package pdftex.def Info: PowerJackInstallation.pdf used on input line 685.
(pdftex.def)             Requested size: 469.755pt x 333.85022pt.
 [17 <./TopLidButtonInstallation.pdf>] [18 <./PowerJackInstallation.pdf>]
<NARFSTRCircuit_schem.pdf, id=36843, 460.72125pt x 298.11375pt>
File: NARFSTRCircuit_schem.pdf Graphic file (type pdf)

<use NARFSTRCircuit_schem.pdf>
Package pdftex.def Info: NARFSTRCircuit_schem.pdf used on input line 718.
(pdftex.def)             Requested size: 460.72012pt x 298.11302pt.
File: NARFSTRCircuit_schem.pdf Graphic file (type pdf)
 <use NARFSTRCircuit_schem.pdf>
Package pdftex.def Info: NARFSTRCircuit_schem.pdf used on input line 718.
(pdftex.def)             Requested size: 460.72012pt x 298.11302pt.

Underfull \hbox (badness 10000) in paragraph at lines 730--731
\T1/ptm/m/n/10 The fin-ger-prints used on the robot are 3D printed. The first s
tep in mak-ing a fin-
 []


Underfull \hbox (badness 10000) in paragraph at lines 730--731
\T1/ptm/m/n/10 ger-print is to gen-er-ate a PNG im-age of the fin-ger-print. To
 do this, I used [][]SFinGe[][]
 []


Underfull \hbox (badness 10000) in paragraph at lines 730--731
\T1/ptm/m/n/10 (http://biolab.csr.unibo.it/research.asp?organize=Activities&sel
ect=&selObj=12&pathSubj=111%7C%7C12&)
 []

[19 <./NARFSTRCircuit_schem.pdf>]
Underfull \hbox (badness 10000) in paragraph at lines 732--733
[]\T1/ptm/m/n/10 To turn the PNG into a 3D-printable file, I wrote an Open-SCAD
 script, lo-cated at
 []

<LabeledFingerprint.pdf, id=37241, 759.9195pt x 55.09064pt>
File: LabeledFingerprint.pdf Graphic file (type pdf)

<use LabeledFingerprint.pdf>
Package pdftex.def Info: LabeledFingerprint.pdf used on input line 748.
(pdftex.def)             Requested size: 759.91763pt x 55.09048pt.
File: LabeledFingerprint.pdf Graphic file (type pdf)
 <use LabeledFingerprint.pdf>
Package pdftex.def Info: LabeledFingerprint.pdf used on input line 748.
(pdftex.def)             Requested size: 469.755pt x 34.05495pt.

<LabeledFingerprintZoomed.pdf, id=37242, 802.15689pt x 175.04878pt>
File: LabeledFingerprintZoomed.pdf Graphic file (type pdf)

<use LabeledFingerprintZoomed.pdf>
Package pdftex.def Info: LabeledFingerprintZoomed.pdf used on input line 752.
(pdftex.def)             Requested size: 802.15494pt x 175.04836pt.
File: LabeledFingerprintZoomed.pdf Graphic file (type pdf)
 <use LabeledFingerprintZoomed.pdf>
Package pdftex.def Info: LabeledFingerprintZoomed.pdf used on input line 752.
(pdftex.def)             Requested size: 469.755pt x 102.51396pt.
LaTeX Font Info:    Try loading font information for TS1+ptm on input line 754.


(/usr/share/texlive/texmf-dist/tex/latex/psnfss/ts1ptm.fd
File: ts1ptm.fd 2001/06/04 font definitions for TS1/ptm.
) [20 <./LabeledFingerprint.pdf> <./LabeledFingerprintZoomed.pdf

pdfTeX warning: pdflatex (file ./LabeledFingerprintZoomed.pdf): PDF inclusion: 
multiple pdfs with page group included in a single page
>]
Chapter 3.
<Scene1N.pdf, id=37319, 883.29921pt x 508.11913pt>
File: Scene1N.pdf Graphic file (type pdf)
 <use Scene1N.pdf>
Package pdftex.def Info: Scene1N.pdf used on input line 766.
(pdftex.def)             Requested size: 883.29706pt x 508.11787pt.
File: Scene1N.pdf Graphic file (type pdf)

<use Scene1N.pdf>
Package pdftex.def Info: Scene1N.pdf used on input line 766.
(pdftex.def)             Requested size: 469.755pt x 270.22449pt.
 <Scene5N.pdf, id=37320, 855.94867pt x 455.55577pt>
File: Scene5N.pdf Graphic file (type pdf)

<use Scene5N.pdf>
Package pdftex.def Info: Scene5N.pdf used on input line 770.
(pdftex.def)             Requested size: 855.94658pt x 455.55464pt.
File: Scene5N.pdf Graphic file (type pdf)
 <use Scene5N.pdf>
Package pdftex.def Info: Scene5N.pdf used on input line 770.
(pdftex.def)             Requested size: 469.755pt x 250.01424pt.
 [21

 <./Scene1N.pdf>]
<Scene2N.pdf, id=43619, 844.7053pt x 450.97595pt>
File: Scene2N.pdf Graphic file (type pdf)
 <use Scene2N.pdf>
Package pdftex.def Info: Scene2N.pdf used on input line 774.
(pdftex.def)             Requested size: 844.70325pt x 450.97484pt.
File: Scene2N.pdf Graphic file (type pdf)

<use Scene2N.pdf>
Package pdftex.def Info: Scene2N.pdf used on input line 774.
(pdftex.def)             Requested size: 469.755pt x 250.79694pt.
 <Scene3N.pdf, id=43620, 790.02643pt x 497.41835pt>
File: Scene3N.pdf Graphic file (type pdf)

<use Scene3N.pdf>
Package pdftex.def Info: Scene3N.pdf used on input line 778.
(pdftex.def)             Requested size: 790.0245pt x 497.41713pt.
File: Scene3N.pdf Graphic file (type pdf)
 <use Scene3N.pdf>
Package pdftex.def Info: Scene3N.pdf used on input line 778.
(pdftex.def)             Requested size: 469.755pt x 295.77405pt.
 [22 <./Scene5N.pdf> <./Scene2N.pdf

pdfTeX warning: pdflatex (file ./Scene2N.pdf): PDF inclusion: multiple pdfs wit
h page group included in a single page
>] <Scene4N.pdf, id=51779, 854.07932pt x 396.88275pt>
File: Scene4N.pdf Graphic file (type pdf)
 <use Scene4N.pdf>
Package pdftex.def Info: Scene4N.pdf used on input line 782.
(pdftex.def)             Requested size: 854.07722pt x 396.88177pt.
File: Scene4N.pdf Graphic file (type pdf)

<use Scene4N.pdf>
Package pdftex.def Info: Scene4N.pdf used on input line 782.
(pdftex.def)             Requested size: 469.755pt x 218.29224pt.

Overfull \hbox (15.85457pt too wide) in paragraph at lines 988--988
[]\T1/phv/m/n/10 Quan- 
 []


Overfull \hbox (0.84467pt too wide) in paragraph at lines 988--988
\T1/phv/m/n/10 tity|  
 []


Overfull \hbox (12.92967pt too wide) in paragraph at lines 988--988
[]\T1/phv/m/n/10 Price|  
 []


Overfull \hbox (8.99046pt too wide) in paragraph at lines 988--988
\T1/phv/m/n/10 Price|  
 []


Overfull \hbox (282.01266pt too wide) in paragraph at lines 988--988
[][][]\T1/ptm/m/n/10 http://www.amazon.com/gp/product/B008QVE9BG/ref=ox_sc_act_
title_1?ie=UTF8&psc=1&smid=A39BKDU4I2L317[][]|  
 []


Overfull \hbox (17.5pt too wide) in paragraph at lines 988--988
[]\T1/ptm/m/n/10 0.2475|  
 []


Overfull \hbox (3.56079pt too wide) in paragraph at lines 988--988
[]\T1/ptm/m/n/10 0.99|  
 []


Overfull \hbox (143.9041pt too wide) in paragraph at lines 988--988
[][][]\T1/ptm/m/n/10 http://www.jameco.com/webapp/wcs/stores/servlet/Product_10
001_10001_2128260_- 
 []


Overfull \hbox (7.5pt too wide) in paragraph at lines 988--988
[]\T1/ptm/m/n/10 7.95|  
 []


Overfull \hbox (3.56079pt too wide) in paragraph at lines 988--988
[]\T1/ptm/m/n/10 31.8|  
 []


Overfull \hbox (12.5pt too wide) in paragraph at lines 988--988
[]\T1/ptm/m/n/10 49.99|  
 []


Overfull \hbox (13.56079pt too wide) in paragraph at lines 988--988
[]\T1/ptm/m/n/10 199.96|  
 []


Overfull \hbox (12.5pt too wide) in paragraph at lines 988--988
[]\T1/ptm/m/n/10 24.95|  
 []


Overfull \hbox (8.56079pt too wide) in paragraph at lines 988--988
[]\T1/ptm/m/n/10 24.95|  
 []


Overfull \hbox (12.5pt too wide) in paragraph at lines 988--988
[]\T1/ptm/m/n/10 45.95|  
 []


Overfull \hbox (8.56079pt too wide) in paragraph at lines 988--988
[]\T1/ptm/m/n/10 45.95|  
 []


Overfull \hbox (138.9041pt too wide) in paragraph at lines 988--988
[][][]\T1/ptm/m/n/10 http://www.jameco.com/webapp/wcs/stores/servlet/Product_10
001_10001_316128_- 
 []


Overfull \hbox (7.5pt too wide) in paragraph at lines 988--988
[]\T1/ptm/m/n/10 1.65|  
 []


Overfull \hbox (3.56079pt too wide) in paragraph at lines 988--988
[]\T1/ptm/m/n/10 1.65|  
 []


Overfull \hbox (399.63226pt too wide) in paragraph at lines 988--988
[][][]\T1/ptm/m/n/10 http://www.monoprice.com/Product?seq=1&format=2&p_id=6881&
CAWELAID=1329453851&CAGPSPN=pla&gclid=CjwKEAjw9eyeBRCqxc_b- 
 []


Overfull \hbox (81.2151pt too wide) in paragraph at lines 988--988
\T1/ptm/m/n/10 LD8kTESJADsBMxSlZYFRPGB2LwI09oGs0PsjcrUS6Nd1nQFYJR- 
 []


Overfull \hbox (7.5pt too wide) in paragraph at lines 988--988
[]\T1/ptm/m/n/10 0.48|  
 []


Overfull \hbox (3.56079pt too wide) in paragraph at lines 988--988
[]\T1/ptm/m/n/10 0.48|  
 []


Overfull \hbox (7.5pt too wide) in paragraph at lines 988--988
[]\T1/ptm/m/n/10 9.95|  
 []


Overfull \hbox (8.56079pt too wide) in paragraph at lines 988--988
[]\T1/ptm/m/n/10 49.75|  
 []


Overfull \hbox (7.5pt too wide) in paragraph at lines 988--988
[]\T1/ptm/m/n/10 2.33|  
 []


Overfull \hbox (3.56079pt too wide) in paragraph at lines 988--988
[]\T1/ptm/m/n/10 2.33|  
 []


Overfull \hbox (138.9041pt too wide) in paragraph at lines 988--988
[][][]\T1/ptm/m/n/10 http://www.jameco.com/webapp/wcs/stores/servlet/Product_10
001_10001_690865_- 
 []


Overfull \hbox (12.5pt too wide) in paragraph at lines 988--988
[]\T1/ptm/m/n/10 0.099|  
 []


Overfull \hbox (8.56079pt too wide) in paragraph at lines 988--988
[]\T1/ptm/m/n/10 1.485|  
 []


Overfull \hbox (3.06491pt too wide) in paragraph at lines 988--988
[]\T1/ptm/m/n/10 100|  
 []


Overfull \hbox (7.5pt too wide) in paragraph at lines 988--988
[]\T1/ptm/m/n/10 3.95|  
 []


Overfull \hbox (7.5pt too wide) in paragraph at lines 988--988
[]\T1/ptm/m/n/10 4.95|  
 []


Overfull \hbox (3.56079pt too wide) in paragraph at lines 988--988
[]\T1/ptm/m/n/10 4.95|  
 []


Overfull \hbox (7.5pt too wide) in paragraph at lines 988--988
[]\T1/ptm/m/n/10 0.45|  
 []


Overfull \hbox (3.56079pt too wide) in paragraph at lines 988--988
[]\T1/ptm/m/n/10 0.45|  
 []


Overfull \hbox (7.5pt too wide) in paragraph at lines 988--988
[]\T1/ptm/m/n/10 5.24|  
 []


Overfull \hbox (3.56079pt too wide) in paragraph at lines 988--988
[]\T1/ptm/m/n/10 5.24|  
 []


Overfull \hbox (12.5pt too wide) in paragraph at lines 988--988
[]\T1/ptm/m/n/10 24.95|  
 []


Overfull \hbox (8.56079pt too wide) in paragraph at lines 988--988
[]\T1/ptm/m/n/10 24.95|  
 []


Overfull \hbox (18.56079pt too wide) in paragraph at lines 988--988
[]\T1/ptm/m/n/10 402.835|  
 []

[23 <./Scene3N.pdf> <./Scene4N.pdf

pdfTeX warning: pdflatex (file ./Scene4N.pdf): PDF inclusion: multiple pdfs wit
h page group included in a single page
>] [24pdfTeX warning (ext4): destination with the same identifier (name{table.3
.1}) has been already used, duplicate ignored

\AtBegShi@Output ...ipout \box \AtBeginShipoutBox 
                                                  \fi \fi 
l.999 \chapter
              {Program Development}]
Chapter 4.
[25

]
Underfull \hbox (badness 10000) in paragraph at lines 1067--1068
\T1/ptm/m/n/10 The code for the com-mand line in-ter-face is in \T1/pcr/m/n/10 
main.FingerprintRobotControl\T1/ptm/m/n/10 . When
 []

[26]
Overfull \hbox (29.2328pt too wide) in paragraph at lines 1115--1116
\T1/ptm/m/n/10 The NARF-STR con-trol pro-gram is lo-cated at \T1/pcr/m/n/10 Cod
e/FingerprintRobotLocalControl/NARFSTRLocalControl\T1/ptm/m/n/10 .
 []


Overfull \hbox (16.56288pt too wide) in paragraph at lines 1120--1121
\T1/ptm/m/n/10 The NAF-STR con-trol pro-gram is lo-cated at \T1/pcr/m/n/10 Code
/FingerprintRobotLocalControl/NAFSTRLocalControl\T1/ptm/m/n/10 .
 []

LaTeX Font Info:    Font shape `T1/pcr/bx/n' in size <10> not available
(Font)              Font shape `T1/pcr/b/n' tried instead on input line 1128.

Overfull \hbox (255.94363pt too wide) in paragraph at lines 1130--1131
\T1/ptm/m/n/10 The \T1/pcr/m/n/10 FingerprintRobotCom \T1/ptm/m/n/10 li-brary h
eader file (lo-cated at \T1/pcr/m/n/10 Code/FingerprintRobotLocalControl/lib/Fi
ngerprintRobotCom/FingerprintRobotCom.h\T1/ptm/m/n/10 )
 []

[27] [28

]
Chapter 5.
[29]
Underfull \hbox (badness 10000) in paragraph at lines 1196--1198
[]\T1/pcr/m/n/10 set forwardSpeed buttonWaitTime reverseSpeed
 []


Underfull \hbox (badness 10000) in paragraph at lines 1239--1240
\T1/ptm/m/n/10 See \T1/pcr/m/n/10 DocumentationOld/Arduino - Computer Communica
tion Protocol.docx \T1/ptm/m/n/10 or
 []

[30]
LaTeX Font Info:    Font shape `T1/pcr/bx/n' in size <14.4> not available
(Font)              Font shape `T1/pcr/b/n' tried instead on input line 1271.

Overfull \hbox (11.50449pt too wide) in paragraph at lines 1273--1274
\T1/ptm/m/n/10 The pro-gram can be found in \T1/pcr/m/n/10 Code/FingerprintRobo
tControl/FingerprintRobotControl-v1.1.jar
 []


Underfull \hbox (badness 10000) in paragraph at lines 1275--1276
[]\T1/ptm/b/n/10 Note: \T1/ptm/m/n/10 the NAF-STR uses an older ver-sion of the
 soft-ware, found in
 []

<JavaProgramEmpty.PNG, id=58301, 491.58656pt x 602.25pt>
File: JavaProgramEmpty.PNG Graphic file (type png)

<use JavaProgramEmpty.PNG>
Package pdftex.def Info: JavaProgramEmpty.PNG used on input line 1282.
(pdftex.def)             Requested size: 491.58536pt x 602.24852pt.
File: JavaProgramEmpty.PNG Graphic file (type png)
 <use JavaProgramEmpty.PNG>
Package pdftex.def Info: JavaProgramEmpty.PNG used on input line 1282.
(pdftex.def)             Requested size: 469.755pt x 575.5252pt.
 [31] [32 <./JavaProgramEmpty.PNG>]
<JavaProgramGraphicalConfigurator.PNG, id=58315, 491.58656pt x 602.25pt>
File: JavaProgramGraphicalConfigurator.PNG Graphic file (type png)

<use JavaProgramGraphicalConfigurator.PNG>
Package pdftex.def Info: JavaProgramGraphicalConfigurator.PNG used on input lin
e 1288.
(pdftex.def)             Requested size: 491.58536pt x 602.24852pt.
File: JavaProgramGraphicalConfigurator.PNG Graphic file (type png)

<use JavaProgramGraphicalConfigurator.PNG>
Package pdftex.def Info: JavaProgramGraphicalConfigurator.PNG used on input lin
e 1288.
(pdftex.def)             Requested size: 469.755pt x 575.5252pt.
 [33 <./JavaProgramGraphicalConfigurator.PNG>] <JavaProgramTextConfigurator.PNG
, id=58322, 491.58656pt x 602.25pt>
File: JavaProgramTextConfigurator.PNG Graphic file (type png)

<use JavaProgramTextConfigurator.PNG>
Package pdftex.def Info: JavaProgramTextConfigurator.PNG used on input line 129
2.
(pdftex.def)             Requested size: 491.58536pt x 602.24852pt.
File: JavaProgramTextConfigurator.PNG Graphic file (type png)
 <use JavaProgramTextConfigurator.PNG>
Package pdftex.def Info: JavaProgramTextConfigurator.PNG used on input line 129
2.
(pdftex.def)             Requested size: 469.755pt x 575.5252pt.

[34 <./JavaProgramTextConfigurator.PNG>]
<JavaProgramOpenWindow.PNG, id=58328, 392.96812pt x 274.77657pt>
File: JavaProgramOpenWindow.PNG Graphic file (type png)

<use JavaProgramOpenWindow.PNG>
Package pdftex.def Info: JavaProgramOpenWindow.PNG used on input line 1296.
(pdftex.def)             Requested size: 392.96715pt x 274.77588pt.
File: JavaProgramOpenWindow.PNG Graphic file (type png)
 <use JavaProgramOpenWindow.PNG>
Package pdftex.def Info: JavaProgramOpenWindow.PNG used on input line 1296.
(pdftex.def)             Requested size: 392.96715pt x 274.77588pt.
 [35 <./JavaProgramOpenWindow.PNG>] (./FingerprintScannerRobot.ind)
Package atveryend Info: Empty hook `BeforeClearDocument' on input line 1342.
 [36]
Package atveryend Info: Empty hook `AfterLastShipout' on input line 1342.

(./FingerprintScannerRobot.aux)
Package atveryend Info: Executing hook `AtVeryEndDocument' on input line 1342.
Package atveryend Info: Executing hook `AtEndAfterFileList' on input line 1342.

Package rerunfilecheck Info: File `FingerprintScannerRobot.out' has not changed
.
(rerunfilecheck)             Checksum: D4AEA70D6B4C983EF2416927485DEFEC;1034.
Package atveryend Info: Empty hook `AtVeryVeryEnd' on input line 1342.
 ) 
Here is how much of TeX's memory you used:
 9543 strings out of 493304
 134767 string characters out of 6139871
 242383 words of memory out of 5000000
 12571 multiletter control sequences out of 15000+600000
 69676 words of font info for 74 fonts, out of 8000000 for 9000
 958 hyphenation exceptions out of 8191
 36i,12n,45p,1134b,578s stack positions out of 5000i,500n,10000p,200000b,80000s
{/usr/share/texlive/texmf-dist/fonts/enc/dvips/base/8r.enc}</usr/share/texliv
e/texmf-dist/fonts/type1/public/amsfonts/cm/cmmi10.pfb></usr/share/texlive/texm
f-dist/fonts/type1/public/amsfonts/cm/cmr10.pfb></usr/share/texlive/texmf-dist/
fonts/type1/urw/courier/ucrb8a.pfb></usr/share/texlive/texmf-dist/fonts/type1/u
rw/courier/ucrr8a.pfb></usr/share/texlive/texmf-dist/fonts/type1/urw/helvetic/u
hvb8a.pfb></usr/share/texlive/texmf-dist/fonts/type1/urw/helvetic/uhvbo8a.pfb><
/usr/share/texlive/texmf-dist/fonts/type1/urw/helvetic/uhvr8a.pfb></usr/share/t
exlive/texmf-dist/fonts/type1/urw/times/utmb8a.pfb></usr/share/texlive/texmf-di
st/fonts/type1/urw/times/utmr8a.pfb></usr/share/texlive/texmf-dist/fonts/type1/
urw/times/utmri8a.pfb>
Output written on FingerprintScannerRobot.pdf (40 pages, 12782861 bytes).
PDF statistics:
 58406 PDF objects out of 66169 (max. 8388607)
 38688 compressed objects within 387 object streams
 133 named destinations out of 1000 (max. 500000)
 307 words of extra memory for PDF output out of 10000 (max. 10000000)

